<?xml version="1.0" encoding="UTF-8"?>
<testsuite xmlns:xsi="http://www.w3.org/2001/XMLSchema-instance" xsi:noNamespaceSchemaLocation="https://maven.apache.org/surefire/maven-surefire-plugin/xsd/surefire-test-report-3.0.xsd" version="3.0" name="com.teledoc.runners.TestRunner" time="28.216" tests="2" errors="0" skipped="0" failures="0">
  <properties>
[...]
</properties>
  <testcase name="Adding User" classname="Teledoc Project" time="19.144"/>
  <testcase name="Delete User Novak" classname="Teledoc Project" time="7.788"/>
</testsuite>